This file contains any messages produced by compilers while
running configure, to aid debugging if configure makes a mistake.

It was created by libuldaq configure 1.2.0, which was
generated by GNU Autoconf 2.69.  Invocation command line was

  $ ./configure 

## --------- ##
## Platform. ##
## --------- ##

hostname = michael-razer
uname -m = x86_64
uname -r = 5.8.0-59-generic
uname -s = Linux
uname -v = #66~20.04.1-Ubuntu SMP Thu Jun 17 11:14:10 UTC 2021

/usr/bin/uname -p = x86_64
/bin/uname -X     = unknown

/bin/arch              = x86_64
/usr/bin/arch -k       = unknown
/usr/convex/getsysinfo = unknown
/usr/bin/hostinfo      = unknown
/bin/machine           = unknown
/usr/bin/oslevel       = unknown
/bin/universe          = unknown

PATH: /home/michael/Desktop/code/MCCdaq/.venv/bin
PATH: /usr/local/cuda-11.3/bin
PATH: /opt/ros/noetic/bin
PATH: /usr/local/cuda-11.3/bin
PATH: /home/michael/anaconda3/condabin
PATH: /home/michael/.local/bin
PATH: /usr/local/sbin
PATH: /usr/local/bin
PATH: /usr/sbin
PATH: /usr/bin
PATH: /sbin
PATH: /bin
PATH: /usr/games
PATH: /usr/local/games
PATH: /snap/bin
PATH: /home/michael/Desktop/code/ops/vault
PATH: /home/michael/Desktop/code/ops/vault


## ----------- ##
## Core tests. ##
## ----------- ##

configure:2410: checking for a BSD-compatible install
configure:2478: result: /usr/bin/install -c
configure:2489: checking whether build environment is sane
configure:2544: result: yes
configure:2693: checking for a thread-safe mkdir -p
configure:2732: result: /usr/bin/mkdir -p
configure:2739: checking for gawk
configure:2769: result: no
configure:2739: checking for mawk
configure:2755: found /usr/bin/mawk
configure:2766: result: mawk
configure:2777: checking whether make sets $(MAKE)
configure:2799: result: yes
configure:2828: checking whether make supports nested variables
configure:2845: result: yes
configure:2982: checking for style of include used by make
configure:3010: result: GNU
configure:3081: checking for gcc
configure:3097: found /usr/bin/gcc
configure:3108: result: gcc
configure:3337: checking for C compiler version
configure:3346: gcc --version >&5
gcc (Ubuntu 9.3.0-17ubuntu1~20.04) 9.3.0
Copyright (C) 2019 Free Software Foundation, Inc.
This is free software; see the source for copying conditions.  There is NO
warranty; not even for MERCHANTABILITY or FITNESS FOR A PARTICULAR PURPOSE.

configure:3357: $? = 0
configure:3346: gcc -v >&5
Using built-in specs.
COLLECT_GCC=gcc
COLLECT_LTO_WRAPPER=/usr/lib/gcc/x86_64-linux-gnu/9/lto-wrapper
OFFLOAD_TARGET_NAMES=nvptx-none:hsa
OFFLOAD_TARGET_DEFAULT=1
Target: x86_64-linux-gnu
Configured with: ../src/configure -v --with-pkgversion='Ubuntu 9.3.0-17ubuntu1~20.04' --with-bugurl=file:///usr/share/doc/gcc-9/README.Bugs --enable-languages=c,ada,c++,go,brig,d,fortran,objc,obj-c++,gm2 --prefix=/usr --with-gcc-major-version-only --program-suffix=-9 --program-prefix=x86_64-linux-gnu- --enable-shared --enable-linker-build-id --libexecdir=/usr/lib --without-included-gettext --enable-threads=posix --libdir=/usr/lib --enable-nls --enable-clocale=gnu --enable-libstdcxx-debug --enable-libstdcxx-time=yes --with-default-libstdcxx-abi=new --enable-gnu-unique-object --disable-vtable-verify --enable-plugin --enable-default-pie --with-system-zlib --with-target-system-zlib=auto --enable-objc-gc=auto --enable-multiarch --disable-werror --with-arch-32=i686 --with-abi=m64 --with-multilib-list=m32,m64,mx32 --enable-multilib --with-tune=generic --enable-offload-targets=nvptx-none=/build/gcc-9-HskZEa/gcc-9-9.3.0/debian/tmp-nvptx/usr,hsa --without-cuda-driver --enable-checking=release --build=x86_64-linux-gnu --host=x86_64-linux-gnu --target=x86_64-linux-gnu
Thread model: posix
gcc version 9.3.0 (Ubuntu 9.3.0-17ubuntu1~20.04) 
configure:3357: $? = 0
configure:3346: gcc -V >&5
gcc: error: unrecognized command line option '-V'
gcc: fatal error: no input files
compilation terminated.
configure:3357: $? = 1
configure:3346: gcc -qversion >&5
gcc: error: unrecognized command line option '-qversion'; did you mean '--version'?
gcc: fatal error: no input files
compilation terminated.
configure:3357: $? = 1
configure:3377: checking whether the C compiler works
configure:3399: gcc -O3   conftest.c  >&5
configure:3403: $? = 0
configure:3451: result: yes
configure:3454: checking for C compiler default output file name
configure:3456: result: a.out
configure:3462: checking for suffix of executables
configure:3469: gcc -o conftest -O3   conftest.c  >&5
configure:3473: $? = 0
configure:3495: result: 
configure:3517: checking whether we are cross compiling
configure:3525: gcc -o conftest -O3   conftest.c  >&5
configure:3529: $? = 0
configure:3536: ./conftest
configure:3540: $? = 0
configure:3528: result: no
configure:3533: checking for suffix of object files
configure:3555: gcc -c -O3  conftest.c >&5
configure:3559: $? = 0
configure:3580: result: o
configure:3584: checking whether we are using the GNU C compiler
configure:3603: gcc -c -O3  conftest.c >&5
configure:3603: $? = 0
configure:3612: result: yes
configure:3621: checking whether gcc accepts -g
configure:3641: gcc -c -g  conftest.c >&5
configure:3641: $? = 0
configure:3682: result: yes
configure:3699: checking for gcc option to accept ISO C89
configure:3762: gcc  -c -O3  conftest.c >&5
configure:3762: $? = 0
configure:3775: result: none needed
configure:3800: checking whether gcc understands -c and -o together
configure:3822: gcc -c conftest.c -o conftest2.o
configure:3825: $? = 0
configure:3822: gcc -c conftest.c -o conftest2.o
configure:3825: $? = 0
configure:3837: result: yes
configure:3856: checking dependency style of gcc
configure:3967: result: gcc3
configure:4032: checking for ar
configure:4048: found /usr/bin/ar
configure:4059: result: ar
configure:4085: checking the archiver (ar) interface
configure:4101: gcc -c -O3  conftest.c >&5
configure:4101: $? = 0
configure:4103: ar cru libconftest.a conftest.o >&5
ar: `u' modifier ignored since `D' is the default (see `U')
configure:4106: $? = 0
configure:4105: result: ar
configure:4140: checking whether make supports nested variables
configure:4157: result: yes
configure:4228: checking for g++
configure:4244: found /usr/bin/g++
configure:4255: result: g++
configure:4282: checking for C++ compiler version
configure:4291: g++ --version >&5
g++ (Ubuntu 9.3.0-17ubuntu1~20.04) 9.3.0
Copyright (C) 2019 Free Software Foundation, Inc.
This is free software; see the source for copying conditions.  There is NO
warranty; not even for MERCHANTABILITY or FITNESS FOR A PARTICULAR PURPOSE.

configure:4302: $? = 0
configure:4291: g++ -v >&5
Using built-in specs.
COLLECT_GCC=g++
COLLECT_LTO_WRAPPER=/usr/lib/gcc/x86_64-linux-gnu/9/lto-wrapper
OFFLOAD_TARGET_NAMES=nvptx-none:hsa
OFFLOAD_TARGET_DEFAULT=1
Target: x86_64-linux-gnu
Configured with: ../src/configure -v --with-pkgversion='Ubuntu 9.3.0-17ubuntu1~20.04' --with-bugurl=file:///usr/share/doc/gcc-9/README.Bugs --enable-languages=c,ada,c++,go,brig,d,fortran,objc,obj-c++,gm2 --prefix=/usr --with-gcc-major-version-only --program-suffix=-9 --program-prefix=x86_64-linux-gnu- --enable-shared --enable-linker-build-id --libexecdir=/usr/lib --without-included-gettext --enable-threads=posix --libdir=/usr/lib --enable-nls --enable-clocale=gnu --enable-libstdcxx-debug --enable-libstdcxx-time=yes --with-default-libstdcxx-abi=new --enable-gnu-unique-object --disable-vtable-verify --enable-plugin --enable-default-pie --with-system-zlib --with-target-system-zlib=auto --enable-objc-gc=auto --enable-multiarch --disable-werror --with-arch-32=i686 --with-abi=m64 --with-multilib-list=m32,m64,mx32 --enable-multilib --with-tune=generic --enable-offload-targets=nvptx-none=/build/gcc-9-HskZEa/gcc-9-9.3.0/debian/tmp-nvptx/usr,hsa --without-cuda-driver --enable-checking=release --build=x86_64-linux-gnu --host=x86_64-linux-gnu --target=x86_64-linux-gnu
Thread model: posix
gcc version 9.3.0 (Ubuntu 9.3.0-17ubuntu1~20.04) 
configure:4302: $? = 0
configure:4291: g++ -V >&5
g++: error: unrecognized command line option '-V'
g++: fatal error: no input files
compilation terminated.
configure:4302: $? = 1
configure:4291: g++ -qversion >&5
g++: error: unrecognized command line option '-qversion'; did you mean '--version'?
g++: fatal error: no input files
compilation terminated.
configure:4302: $? = 1
configure:4306: checking whether we are using the GNU C++ compiler
configure:4325: g++ -c -O3  conftest.cpp >&5
configure:4325: $? = 0
configure:4334: result: yes
configure:4343: checking whether g++ accepts -g
configure:4363: g++ -c -g  conftest.cpp >&5
configure:4363: $? = 0
configure:4404: result: yes
configure:4429: checking dependency style of g++
configure:4540: result: gcc3
configure:4603: checking for gcc
configure:4630: result: gcc
configure:4859: checking for C compiler version
configure:4868: gcc --version >&5
gcc (Ubuntu 9.3.0-17ubuntu1~20.04) 9.3.0
Copyright (C) 2019 Free Software Foundation, Inc.
This is free software; see the source for copying conditions.  There is NO
warranty; not even for MERCHANTABILITY or FITNESS FOR A PARTICULAR PURPOSE.

configure:4879: $? = 0
configure:4868: gcc -v >&5
Using built-in specs.
COLLECT_GCC=gcc
COLLECT_LTO_WRAPPER=/usr/lib/gcc/x86_64-linux-gnu/9/lto-wrapper
OFFLOAD_TARGET_NAMES=nvptx-none:hsa
OFFLOAD_TARGET_DEFAULT=1
Target: x86_64-linux-gnu
Configured with: ../src/configure -v --with-pkgversion='Ubuntu 9.3.0-17ubuntu1~20.04' --with-bugurl=file:///usr/share/doc/gcc-9/README.Bugs --enable-languages=c,ada,c++,go,brig,d,fortran,objc,obj-c++,gm2 --prefix=/usr --with-gcc-major-version-only --program-suffix=-9 --program-prefix=x86_64-linux-gnu- --enable-shared --enable-linker-build-id --libexecdir=/usr/lib --without-included-gettext --enable-threads=posix --libdir=/usr/lib --enable-nls --enable-clocale=gnu --enable-libstdcxx-debug --enable-libstdcxx-time=yes --with-default-libstdcxx-abi=new --enable-gnu-unique-object --disable-vtable-verify --enable-plugin --enable-default-pie --with-system-zlib --with-target-system-zlib=auto --enable-objc-gc=auto --enable-multiarch --disable-werror --with-arch-32=i686 --with-abi=m64 --with-multilib-list=m32,m64,mx32 --enable-multilib --with-tune=generic --enable-offload-targets=nvptx-none=/build/gcc-9-HskZEa/gcc-9-9.3.0/debian/tmp-nvptx/usr,hsa --without-cuda-driver --enable-checking=release --build=x86_64-linux-gnu --host=x86_64-linux-gnu --target=x86_64-linux-gnu
Thread model: posix
gcc version 9.3.0 (Ubuntu 9.3.0-17ubuntu1~20.04) 
configure:4879: $? = 0
configure:4868: gcc -V >&5
gcc: error: unrecognized command line option '-V'
gcc: fatal error: no input files
compilation terminated.
configure:4879: $? = 1
configure:4868: gcc -qversion >&5
gcc: error: unrecognized command line option '-qversion'; did you mean '--version'?
gcc: fatal error: no input files
compilation terminated.
configure:4879: $? = 1
configure:4883: checking whether we are using the GNU C compiler
configure:4911: result: yes
configure:4920: checking whether gcc accepts -g
configure:4981: result: yes
configure:4998: checking for gcc option to accept ISO C89
configure:5074: result: none needed
configure:5099: checking whether gcc understands -c and -o together
configure:5136: result: yes
configure:5155: checking dependency style of gcc
configure:5266: result: gcc3
configure:5310: checking build system type
configure:5324: result: x86_64-unknown-linux-gnu
configure:5344: checking host system type
configure:5357: result: x86_64-unknown-linux-gnu
configure:5398: checking how to print strings
configure:5425: result: printf
configure:5446: checking for a sed that does not truncate output
configure:5510: result: /usr/bin/sed
configure:5528: checking for grep that handles long lines and -e
configure:5586: result: /usr/bin/grep
configure:5591: checking for egrep
configure:5653: result: /usr/bin/grep -E
configure:5658: checking for fgrep
configure:5720: result: /usr/bin/grep -F
configure:5755: checking for ld used by gcc
configure:5822: result: /usr/bin/ld
configure:5829: checking if the linker (/usr/bin/ld) is GNU ld
configure:5844: result: yes
configure:5856: checking for BSD- or MS-compatible name lister (nm)
configure:5905: result: /usr/bin/nm -B
configure:6035: checking the name lister (/usr/bin/nm -B) interface
configure:6042: gcc -c -O3  conftest.c >&5
configure:6045: /usr/bin/nm -B "conftest.o"
configure:6048: output
0000000000000000 B some_variable
configure:6049: result: BSD nm
configure:6052: checking whether ln -s works
configure:6056: result: yes
configure:6064: checking the maximum length of command line arguments
configure:6195: result: 1572864
configure:6212: checking whether the shell understands some XSI constructs
configure:6221: result: yes
configure:6225: checking whether the shell understands "+="
configure:6229: result: yes
configure:6264: checking how to convert x86_64-unknown-linux-gnu file names to x86_64-unknown-linux-gnu format
configure:6304: result: func_convert_file_noop
configure:6311: checking how to convert x86_64-unknown-linux-gnu file names to toolchain format
configure:6331: result: func_convert_file_noop
configure:6338: checking for /usr/bin/ld option to reload object files
configure:6345: result: -r
configure:6419: checking for objdump
configure:6435: found /usr/bin/objdump
configure:6446: result: objdump
configure:6478: checking how to recognize dependent libraries
configure:6676: result: pass_all
configure:6761: checking for dlltool
configure:6791: result: no
configure:6821: checking how to associate runtime and link libraries
configure:6848: result: printf %s\n
configure:6972: checking for archiver @FILE support
configure:6989: gcc -c -O3  conftest.c >&5
configure:6989: $? = 0
configure:6992: ar cru libconftest.a @conftest.lst >&5
ar: `u' modifier ignored since `D' is the default (see `U')
configure:6995: $? = 0
configure:7000: ar cru libconftest.a @conftest.lst >&5
ar: `u' modifier ignored since `D' is the default (see `U')
ar: conftest.o: No such file or directory
configure:7003: $? = 1
configure:7002: result: @
configure:7060: checking for strip
configure:7076: found /usr/bin/strip
configure:7087: result: strip
configure:7159: checking for ranlib
configure:7175: found /usr/bin/ranlib
configure:7186: result: ranlib
configure:7288: checking command to parse /usr/bin/nm -B output from gcc object
configure:7408: gcc -c -O3  conftest.c >&5
configure:7411: $? = 0
configure:7415: /usr/bin/nm -B conftest.o \| sed -n -e 's/^.*[ ]\([ABCDGIRSTW][ABCDGIRSTW]*\)[ ][ ]*\([_A-Za-z][_A-Za-z0-9]*\)$/\1 \2 \2/p' | sed '/ __gnu_lto/d' \> conftest.nm
configure:7418: $? = 0
configure:7484: gcc -o conftest -O3   conftest.c conftstm.o >&5
configure:7487: $? = 0
configure:7525: result: ok
configure:7562: checking for sysroot
configure:7592: result: no
configure:7669: gcc -c -O3  conftest.c >&5
configure:7672: $? = 0
configure:7861: checking for mt
configure:7877: found /usr/bin/mt
configure:7888: result: mt
configure:7911: checking if mt is a manifest tool
configure:7917: mt '-?'
configure:7925: result: no
configure:8567: checking how to run the C preprocessor
configure:8598: gcc -E  conftest.c
configure:8598: $? = 0
configure:8612: gcc -E  conftest.c
conftest.c:11:10: fatal error: ac_nonexistent.h: No such file or directory
   11 | #include <ac_nonexistent.h>
      |          ^~~~~~~~~~~~~~~~~~
compilation terminated.
configure:8612: $? = 1
configure: failed program was:
| /* confdefs.h */
| #define PACKAGE_NAME "libuldaq"
| #define PACKAGE_TARNAME "libuldaq"
| #define PACKAGE_VERSION "1.2.0"
| #define PACKAGE_STRING "libuldaq 1.2.0"
| #define PACKAGE_BUGREPORT "info@mccdaq.com"
| #define PACKAGE_URL "http://www.mccdaq.com"
| #define PACKAGE "libuldaq"
| #define VERSION "1.2.0"
| /* end confdefs.h.  */
| #include <ac_nonexistent.h>
configure:8637: result: gcc -E
configure:8657: gcc -E  conftest.c
configure:8657: $? = 0
configure:8671: gcc -E  conftest.c
conftest.c:11:10: fatal error: ac_nonexistent.h: No such file or directory
   11 | #include <ac_nonexistent.h>
      |          ^~~~~~~~~~~~~~~~~~
compilation terminated.
configure:8671: $? = 1
configure: failed program was:
| /* confdefs.h */
| #define PACKAGE_NAME "libuldaq"
| #define PACKAGE_TARNAME "libuldaq"
| #define PACKAGE_VERSION "1.2.0"
| #define PACKAGE_STRING "libuldaq 1.2.0"
| #define PACKAGE_BUGREPORT "info@mccdaq.com"
| #define PACKAGE_URL "http://www.mccdaq.com"
| #define PACKAGE "libuldaq"
| #define VERSION "1.2.0"
| /* end confdefs.h.  */
| #include <ac_nonexistent.h>
configure:8700: checking for ANSI C header files
configure:8720: gcc -c -O3  conftest.c >&5
configure:8720: $? = 0
configure:8793: gcc -o conftest -O3   conftest.c  >&5
configure:8793: $? = 0
configure:8793: ./conftest
configure:8793: $? = 0
configure:8804: result: yes
configure:8817: checking for sys/types.h
configure:8817: gcc -c -O3  conftest.c >&5
configure:8817: $? = 0
configure:8817: result: yes
configure:8817: checking for sys/stat.h
configure:8817: gcc -c -O3  conftest.c >&5
configure:8817: $? = 0
configure:8817: result: yes
configure:8817: checking for stdlib.h
configure:8817: gcc -c -O3  conftest.c >&5
configure:8817: $? = 0
configure:8817: result: yes
configure:8817: checking for string.h
configure:8817: gcc -c -O3  conftest.c >&5
configure:8817: $? = 0
configure:8817: result: yes
configure:8817: checking for memory.h
configure:8817: gcc -c -O3  conftest.c >&5
configure:8817: $? = 0
configure:8817: result: yes
configure:8817: checking for strings.h
configure:8817: gcc -c -O3  conftest.c >&5
configure:8817: $? = 0
configure:8817: result: yes
configure:8817: checking for inttypes.h
configure:8817: gcc -c -O3  conftest.c >&5
configure:8817: $? = 0
configure:8817: result: yes
configure:8817: checking for stdint.h
configure:8817: gcc -c -O3  conftest.c >&5
configure:8817: $? = 0
configure:8817: result: yes
configure:8817: checking for unistd.h
configure:8817: gcc -c -O3  conftest.c >&5
configure:8817: $? = 0
configure:8817: result: yes
configure:8831: checking for dlfcn.h
configure:8831: gcc -c -O3  conftest.c >&5
configure:8831: $? = 0
configure:8831: result: yes
configure:9048: checking for objdir
configure:9063: result: .libs
configure:9334: checking if gcc supports -fno-rtti -fno-exceptions
configure:9352: gcc -c -O3  -fno-rtti -fno-exceptions conftest.c >&5
cc1: warning: command line option '-fno-rtti' is valid for C++/D/ObjC++ but not for C
configure:9356: $? = 0
configure:9369: result: no
configure:9696: checking for gcc option to produce PIC
configure:9703: result: -fPIC -DPIC
configure:9711: checking if gcc PIC flag -fPIC -DPIC works
configure:9729: gcc -c -O3  -fPIC -DPIC -DPIC conftest.c >&5
configure:9733: $? = 0
configure:9746: result: yes
configure:9775: checking if gcc static flag -static works
configure:9803: result: yes
configure:9818: checking if gcc supports -c -o file.o
configure:9839: gcc -c -O3  -o out/conftest2.o conftest.c >&5
configure:9843: $? = 0
configure:9865: result: yes
configure:9873: checking if gcc supports -c -o file.o
configure:9920: result: yes
configure:9953: checking whether the gcc linker (/usr/bin/ld -m elf_x86_64) supports shared libraries
configure:11110: result: yes
configure:11147: checking whether -lc should be explicitly linked in
configure:11155: gcc -c -O3  conftest.c >&5
configure:11158: $? = 0
configure:11173: gcc -shared  -fPIC -DPIC conftest.o  -v -Wl,-soname -Wl,conftest -o conftest 2\>\&1 \| /usr/bin/grep  -lc  \>/dev/null 2\>\&1
configure:11176: $? = 0
configure:11190: result: no
configure:11350: checking dynamic linker characteristics
configure:11850: gcc -o conftest -O3   -Wl,-rpath -Wl,/foo conftest.c  >&5
configure:11850: $? = 0
configure:12084: result: GNU/Linux ld.so
configure:12191: checking how to hardcode library paths into programs
configure:12216: result: immediate
configure:12756: checking whether stripping libraries is possible
configure:12761: result: yes
configure:12796: checking if libtool supports shared libraries
configure:12798: result: yes
configure:12801: checking whether to build shared libraries
configure:12822: result: yes
configure:12825: checking whether to build static libraries
configure:12829: result: yes
configure:9857: checking how to run the C++ preprocessor
configure:9884: g++ -E  conftest.cpp
configure:9884: $? = 0
configure:9898: g++ -E  conftest.cpp
conftest.cpp:23:10: fatal error: ac_nonexistent.h: No such file or directory
   23 | #include <ac_nonexistent.h>
      |          ^~~~~~~~~~~~~~~~~~
compilation terminated.
configure:9898: $? = 1
configure: failed program was:
| /* confdefs.h */
| #define PACKAGE_NAME "libuldaq"
| #define PACKAGE_TARNAME "libuldaq"
| #define PACKAGE_VERSION "1.2.0"
| #define PACKAGE_STRING "libuldaq 1.2.0"
| #define PACKAGE_BUGREPORT "info@mccdaq.com"
| #define PACKAGE_URL "http://www.mccdaq.com"
| #define PACKAGE "libuldaq"
| #define VERSION "1.2.0"
| #define STDC_HEADERS 1
| #define HAVE_SYS_TYPES_H 1
| #define HAVE_SYS_STAT_H 1
| #define HAVE_STDLIB_H 1
| #define HAVE_STRING_H 1
| #define HAVE_MEMORY_H 1
| #define HAVE_STRINGS_H 1
| #define HAVE_INTTYPES_H 1
| #define HAVE_STDINT_H 1
| #define HAVE_UNISTD_H 1
| #define HAVE_DLFCN_H 1
| #define LT_OBJDIR ".libs/"
| /* end confdefs.h.  */
| #include <ac_nonexistent.h>
configure:9923: result: g++ -E
configure:9943: g++ -E  conftest.cpp
configure:9943: $? = 0
configure:9957: g++ -E  conftest.cpp
conftest.cpp:23:10: fatal error: ac_nonexistent.h: No such file or directory
   23 | #include <ac_nonexistent.h>
      |          ^~~~~~~~~~~~~~~~~~
compilation terminated.
configure:9957: $? = 1
configure: failed program was:
| /* confdefs.h */
| #define PACKAGE_NAME "libuldaq"
| #define PACKAGE_TARNAME "libuldaq"
| #define PACKAGE_VERSION "1.2.0"
| #define PACKAGE_STRING "libuldaq 1.2.0"
| #define PACKAGE_BUGREPORT "info@mccdaq.com"
| #define PACKAGE_URL "http://www.mccdaq.com"
| #define PACKAGE "libuldaq"
| #define VERSION "1.2.0"
| #define STDC_HEADERS 1
| #define HAVE_SYS_TYPES_H 1
| #define HAVE_SYS_STAT_H 1
| #define HAVE_STDLIB_H 1
| #define HAVE_STRING_H 1
| #define HAVE_MEMORY_H 1
| #define HAVE_STRINGS_H 1
| #define HAVE_INTTYPES_H 1
| #define HAVE_STDINT_H 1
| #define HAVE_UNISTD_H 1
| #define HAVE_DLFCN_H 1
| #define LT_OBJDIR ".libs/"
| /* end confdefs.h.  */
| #include <ac_nonexistent.h>
configure:10126: checking for ld used by g++
configure:10193: result: /usr/bin/ld -m elf_x86_64
configure:10200: checking if the linker (/usr/bin/ld -m elf_x86_64) is GNU ld
configure:10215: result: yes
configure:10270: checking whether the g++ linker (/usr/bin/ld -m elf_x86_64) supports shared libraries
configure:11272: result: yes
configure:11308: g++ -c -O3  conftest.cpp >&5
configure:11311: $? = 0
configure:11831: checking for g++ option to produce PIC
configure:11838: result: -fPIC -DPIC
configure:11846: checking if g++ PIC flag -fPIC -DPIC works
configure:11864: g++ -c -O3  -fPIC -DPIC -DPIC conftest.cpp >&5
configure:11868: $? = 0
configure:11881: result: yes
configure:11904: checking if g++ static flag -static works
configure:11932: result: yes
configure:11944: checking if g++ supports -c -o file.o
configure:11965: g++ -c -O3  -o out/conftest2.o conftest.cpp >&5
configure:11969: $? = 0
configure:11991: result: yes
configure:11996: checking if g++ supports -c -o file.o
configure:12043: result: yes
configure:12073: checking whether the g++ linker (/usr/bin/ld -m elf_x86_64) supports shared libraries
configure:12112: result: yes
configure:12253: checking dynamic linker characteristics
configure:12921: result: GNU/Linux ld.so
configure:12974: checking how to hardcode library paths into programs
configure:12999: result: immediate
configure:12005: checking operating system
configure:12007: result: x86_64-unknown-linux-gnu
configure:12011: result:  Linux
configure:12036: checking for libusb_init in -lusb-1.0
configure:12061: gcc -o conftest -O3   conftest.c -lusb-1.0   >&5
configure:12061: $? = 0
configure:12070: result: yes
configure:12086: checking libusb-1.0/libusb.h usability
configure:12086: gcc -c -O3  conftest.c >&5
configure:12086: $? = 0
configure:12086: result: yes
configure:12086: checking libusb-1.0/libusb.h presence
configure:12086: gcc -E  conftest.c
configure:12086: $? = 0
configure:12086: result: yes
configure:12086: checking for libusb-1.0/libusb.h
configure:12086: result: yes
configure:12165: checking if g++ supports -Wno-psabi flag
configure:12178: g++ -c -O3 -Wno-psabi  conftest.cpp >&5
configure:12178: $? = 0
configure:12184: result: yes
configure:12309: checking that generated files are newer than configure
configure:12315: result: done
configure:12362: creating ./config.status

## ---------------------- ##
## Running config.status. ##
## ---------------------- ##

This file was extended by libuldaq config.status 1.2.0, which was
generated by GNU Autoconf 2.69.  Invocation command line was

  CONFIG_FILES    = 
  CONFIG_HEADERS  = 
  CONFIG_LINKS    = 
  CONFIG_COMMANDS = 
  $ ./config.status 

on michael-razer

config.status:1157: creating libuldaq.pc
config.status:1157: creating Makefile
config.status:1157: creating src/Makefile
config.status:1157: creating examples/Makefile
config.status:1157: creating config.h
config.status:1386: executing depfiles commands
config.status:1386: executing libtool commands

## ---------------- ##
## Cache variables. ##
## ---------------- ##

ac_cv_build=x86_64-unknown-linux-gnu
ac_cv_c_compiler_gnu=yes
ac_cv_cxx_compiler_gnu=yes
ac_cv_env_CCC_set=
ac_cv_env_CCC_value=
ac_cv_env_CC_set=
ac_cv_env_CC_value=
ac_cv_env_CFLAGS_set=
ac_cv_env_CFLAGS_value=
ac_cv_env_CPPFLAGS_set=
ac_cv_env_CPPFLAGS_value=
ac_cv_env_CPP_set=
ac_cv_env_CPP_value=
ac_cv_env_CXXCPP_set=
ac_cv_env_CXXCPP_value=
ac_cv_env_CXXFLAGS_set=
ac_cv_env_CXXFLAGS_value=
ac_cv_env_CXX_set=
ac_cv_env_CXX_value=
ac_cv_env_LDFLAGS_set=
ac_cv_env_LDFLAGS_value=
ac_cv_env_LIBS_set=
ac_cv_env_LIBS_value=
ac_cv_env_build_alias_set=
ac_cv_env_build_alias_value=
ac_cv_env_host_alias_set=
ac_cv_env_host_alias_value=
ac_cv_env_target_alias_set=
ac_cv_env_target_alias_value=
ac_cv_header_dlfcn_h=yes
ac_cv_header_inttypes_h=yes
ac_cv_header_libusb_1_0_libusb_h=yes
ac_cv_header_memory_h=yes
ac_cv_header_stdc=yes
ac_cv_header_stdint_h=yes
ac_cv_header_stdlib_h=yes
ac_cv_header_string_h=yes
ac_cv_header_strings_h=yes
ac_cv_header_sys_stat_h=yes
ac_cv_header_sys_types_h=yes
ac_cv_header_unistd_h=yes
ac_cv_host=x86_64-unknown-linux-gnu
ac_cv_lib_usb_1_0_libusb_init=yes
ac_cv_objext=o
ac_cv_path_EGREP='/usr/bin/grep -E'
ac_cv_path_FGREP='/usr/bin/grep -F'
ac_cv_path_GREP=/usr/bin/grep
ac_cv_path_SED=/usr/bin/sed
ac_cv_path_install='/usr/bin/install -c'
ac_cv_path_mkdir=/usr/bin/mkdir
ac_cv_prog_AWK=mawk
ac_cv_prog_CPP='gcc -E'
ac_cv_prog_CXXCPP='g++ -E'
ac_cv_prog_ac_ct_AR=ar
ac_cv_prog_ac_ct_CC=gcc
ac_cv_prog_ac_ct_CXX=g++
ac_cv_prog_ac_ct_MANIFEST_TOOL=mt
ac_cv_prog_ac_ct_OBJDUMP=objdump
ac_cv_prog_ac_ct_RANLIB=ranlib
ac_cv_prog_ac_ct_STRIP=strip
ac_cv_prog_cc_c89=
ac_cv_prog_cc_g=yes
ac_cv_prog_cxx_g=yes
ac_cv_prog_make_make_set=yes
am_cv_CC_dependencies_compiler_type=gcc3
am_cv_CXX_dependencies_compiler_type=gcc3
am_cv_ar_interface=ar
am_cv_make_support_nested_variables=yes
am_cv_prog_cc_c_o=yes
lt_cv_ar_at_file=@
lt_cv_archive_cmds_need_lc=no
lt_cv_deplibs_check_method=pass_all
lt_cv_file_magic_cmd='$MAGIC_CMD'
lt_cv_file_magic_test_file=
lt_cv_ld_reload_flag=-r
lt_cv_nm_interface='BSD nm'
lt_cv_objdir=.libs
lt_cv_path_LD=/usr/bin/ld
lt_cv_path_LDCXX='/usr/bin/ld -m elf_x86_64'
lt_cv_path_NM='/usr/bin/nm -B'
lt_cv_path_mainfest_tool=no
lt_cv_prog_compiler_c_o=yes
lt_cv_prog_compiler_c_o_CXX=yes
lt_cv_prog_compiler_pic='-fPIC -DPIC'
lt_cv_prog_compiler_pic_CXX='-fPIC -DPIC'
lt_cv_prog_compiler_pic_works=yes
lt_cv_prog_compiler_pic_works_CXX=yes
lt_cv_prog_compiler_rtti_exceptions=no
lt_cv_prog_compiler_static_works=yes
lt_cv_prog_compiler_static_works_CXX=yes
lt_cv_prog_gnu_ld=yes
lt_cv_prog_gnu_ldcxx=yes
lt_cv_sharedlib_from_linklib_cmd='printf %s\n'
lt_cv_shlibpath_overrides_runpath=yes
lt_cv_sys_global_symbol_pipe='sed -n -e '\''s/^.*[	 ]\([ABCDGIRSTW][ABCDGIRSTW]*\)[	 ][	 ]*\([_A-Za-z][_A-Za-z0-9]*\)$/\1 \2 \2/p'\'' | sed '\''/ __gnu_lto/d'\'''
lt_cv_sys_global_symbol_to_c_name_address='sed -n -e '\''s/^: \([^ ]*\)[ ]*$/  {\"\1\", (void *) 0},/p'\'' -e '\''s/^[ABCDGIRSTW]* \([^ ]*\) \([^ ]*\)$/  {"\2", (void *) \&\2},/p'\'''
lt_cv_sys_global_symbol_to_c_name_address_lib_prefix='sed -n -e '\''s/^: \([^ ]*\)[ ]*$/  {\"\1\", (void *) 0},/p'\'' -e '\''s/^[ABCDGIRSTW]* \([^ ]*\) \(lib[^ ]*\)$/  {"\2", (void *) \&\2},/p'\'' -e '\''s/^[ABCDGIRSTW]* \([^ ]*\) \([^ ]*\)$/  {"lib\2", (void *) \&\2},/p'\'''
lt_cv_sys_global_symbol_to_cdecl='sed -n -e '\''s/^T .* \(.*\)$/extern int \1();/p'\'' -e '\''s/^[ABCDGIRSTW]* .* \(.*\)$/extern char \1;/p'\'''
lt_cv_sys_max_cmd_len=1572864
lt_cv_to_host_file_cmd=func_convert_file_noop
lt_cv_to_tool_file_cmd=func_convert_file_noop

## ----------------- ##
## Output variables. ##
## ----------------- ##

ACLOCAL='${SHELL} /home/michael/Desktop/code/MCCdaq/libuldaq-1.2.0/missing aclocal-1.14'
AMDEPBACKSLASH='\'
AMDEP_FALSE='#'
AMDEP_TRUE=''
AMTAR='$${TAR-tar}'
AM_BACKSLASH='\'
AM_DEFAULT_V='$(AM_DEFAULT_VERBOSITY)'
AM_DEFAULT_VERBOSITY='0'
AM_V='$(V)'
AR='ar'
AUTOCONF='${SHELL} /home/michael/Desktop/code/MCCdaq/libuldaq-1.2.0/missing autoconf'
AUTOHEADER='${SHELL} /home/michael/Desktop/code/MCCdaq/libuldaq-1.2.0/missing autoheader'
AUTOMAKE='${SHELL} /home/michael/Desktop/code/MCCdaq/libuldaq-1.2.0/missing automake-1.14'
AWK='mawk'
BUILD_EXAMPLES_FALSE='#'
BUILD_EXAMPLES_TRUE=''
CC='gcc'
CCDEPMODE='depmode=gcc3'
CFLAGS='-O3'
CPP='gcc -E'
CPPFLAGS=''
CXX='g++'
CXXCPP='g++ -E'
CXXDEPMODE='depmode=gcc3'
CXXFLAGS='-O3 -Wno-psabi'
CYGPATH_W='echo'
DEBUG_FALSE=''
DEBUG_TRUE='#'
DEFS='-DHAVE_CONFIG_H'
DEPDIR='.deps'
DLLTOOL='false'
DSYMUTIL=''
DUMPBIN=''
ECHO_C=''
ECHO_N='-n'
ECHO_T=''
EGREP='/usr/bin/grep -E'
EXEEXT=''
FGREP='/usr/bin/grep -F'
GREP='/usr/bin/grep'
INSTALL_DATA='${INSTALL} -m 644'
INSTALL_PROGRAM='${INSTALL}'
INSTALL_SCRIPT='${INSTALL}'
INSTALL_STRIP_PROGRAM='$(install_sh) -c -s'
LD='/usr/bin/ld -m elf_x86_64'
LDFLAGS=''
LIBOBJS=''
LIBS='-lusb-1.0 '
LIBTOOL='$(SHELL) $(top_builddir)/libtool'
LIPO=''
LN_S='ln -s'
LTLDFLAGS='-version-info 3:0:2'
LTLIBOBJS=''
MAKEINFO='${SHELL} /home/michael/Desktop/code/MCCdaq/libuldaq-1.2.0/missing makeinfo'
MANIFEST_TOOL=':'
MKDIR_P='/usr/bin/mkdir -p'
NM='/usr/bin/nm -B'
NMEDIT=''
OBJDUMP='objdump'
OBJEXT='o'
OS_DARWIN=''
OS_DARWIN_FALSE=''
OS_DARWIN_TRUE='#'
OS_LINUX=''
OS_LINUX_FALSE='#'
OS_LINUX_TRUE=''
OTOOL64=''
OTOOL=''
PACKAGE='libuldaq'
PACKAGE_BUGREPORT='info@mccdaq.com'
PACKAGE_NAME='libuldaq'
PACKAGE_STRING='libuldaq 1.2.0'
PACKAGE_TARNAME='libuldaq'
PACKAGE_URL='http://www.mccdaq.com'
PACKAGE_VERSION='1.2.0'
PATH_SEPARATOR=':'
RANLIB='ranlib'
SED='/usr/bin/sed'
SET_MAKE=''
SHELL='/bin/bash'
STRIP='strip'
VERSION='1.2.0'
ac_ct_AR='ar'
ac_ct_CC='gcc'
ac_ct_CXX='g++'
ac_ct_DUMPBIN=''
am__EXEEXT_FALSE=''
am__EXEEXT_TRUE='#'
am__fastdepCC_FALSE='#'
am__fastdepCC_TRUE=''
am__fastdepCXX_FALSE='#'
am__fastdepCXX_TRUE=''
am__include='include'
am__isrc=''
am__leading_dot='.'
am__nodep='_no'
am__quote=''
am__tar='$${TAR-tar} chof - "$$tardir"'
am__untar='$${TAR-tar} xf -'
bindir='${exec_prefix}/bin'
build='x86_64-unknown-linux-gnu'
build_alias=''
build_cpu='x86_64'
build_os='linux-gnu'
build_vendor='unknown'
datadir='${datarootdir}'
datarootdir='${prefix}/share'
docdir='${datarootdir}/doc/${PACKAGE_TARNAME}'
dvidir='${docdir}'
exec_prefix='${prefix}'
host='x86_64-unknown-linux-gnu'
host_alias=''
host_cpu='x86_64'
host_os='linux-gnu'
host_vendor='unknown'
htmldir='${docdir}'
includedir='${prefix}/include'
infodir='${datarootdir}/info'
install_sh='${SHELL} /home/michael/Desktop/code/MCCdaq/libuldaq-1.2.0/install-sh'
libdir='${exec_prefix}/lib'
libexecdir='${exec_prefix}/libexec'
localedir='${datarootdir}/locale'
localstatedir='${prefix}/var'
mandir='${datarootdir}/man'
mkdir_p='$(MKDIR_P)'
oldincludedir='/usr/include'
pdfdir='${docdir}'
prefix='/usr/local'
program_transform_name='s,x,x,'
psdir='${docdir}'
sbindir='${exec_prefix}/sbin'
sharedstatedir='${prefix}/com'
sysconfdir='${prefix}/etc'
target_alias=''

## ----------- ##
## confdefs.h. ##
## ----------- ##

/* confdefs.h */
#define PACKAGE_NAME "libuldaq"
#define PACKAGE_TARNAME "libuldaq"
#define PACKAGE_VERSION "1.2.0"
#define PACKAGE_STRING "libuldaq 1.2.0"
#define PACKAGE_BUGREPORT "info@mccdaq.com"
#define PACKAGE_URL "http://www.mccdaq.com"
#define PACKAGE "libuldaq"
#define VERSION "1.2.0"
#define STDC_HEADERS 1
#define HAVE_SYS_TYPES_H 1
#define HAVE_SYS_STAT_H 1
#define HAVE_STDLIB_H 1
#define HAVE_STRING_H 1
#define HAVE_MEMORY_H 1
#define HAVE_STRINGS_H 1
#define HAVE_INTTYPES_H 1
#define HAVE_STDINT_H 1
#define HAVE_UNISTD_H 1
#define HAVE_DLFCN_H 1
#define LT_OBJDIR ".libs/"
#define OS_LINUX 1
#define HAVE_LIBUSB_1_0 1
#define HAVE_LIBUSB_1_0_LIBUSB_H 1

configure: exit 0
